# Queries
query {
 getFriend(id: "630396bfb4ce638b843a") {
  id
	firstName
  lastName
  
  language
  gender
  email
 } 
}
# Mutations
mutation {
  createFriend(input: {
    firstName: "Lalo"
    lastName: "Rdgz"
    gender: "Male"
    language: "Spanish"
  }) {
    id
    firstName
  }
}
## Adding enums to restrict data types as field values on schemas
mutation {
  createFriend(input: {
    firstName: "Lalo"
    lastName: "Rdgz"
    gender: OTHER
    age:16
    language: "Spanish"
  }) {
    id
    firstName
  }
}